<?xml version="1.0" encoding="UTF-8"?>
<!-- Generated by org.testng.reporters.JUnitXMLReporter -->
<testsuite hostname="LAPTOP-9O8PPK85" ignored="3" name="test" tests="8" failures="0" timestamp="2021-08-15T17:00:28 AEST" time="262.492" errors="0">
  <testcase name="ContactPageSubmitTest" time="32.456" classname="com.div.proj.testcases.ContactPageSubmitTest"/>
  <testcase name="ContactPageSubmitTest" time="23.78" classname="com.div.proj.testcases.ContactPageSubmitTest"/>
  <testcase name="ShopAddToCartTest" time="64.772" classname="com.div.proj.testcases.ShopAddToCartTest"/>
  <testcase name="ContactPageSubmitTest" time="19.65" classname="com.div.proj.testcases.ContactPageSubmitTest"/>
  <testcase name="ContactPageSubmitTest" time="17.557" classname="com.div.proj.testcases.ContactPageSubmitTest"/>
  <testcase name="ContactPageSubmitTest" time="22.817" classname="com.div.proj.testcases.ContactPageSubmitTest"/>
  <testcase name="CartTotalAmountTest" time="170.378" classname="com.div.proj.testcases.CartTotalAmountTest"/>
  <testcase name="validateMandatoryFieldsContactTest" time="259.133" classname="com.div.proj.testcases.ValidateMandatoryFieldsContactTest"/>
  <testcase name="@BeforeSuite setUpFramework" time="0.0" classname="com.div.proj.testcases.BaseTest">
    <ignored/>
  </testcase> <!-- @BeforeSuite setUpFramework -->
  <testcase name="@BeforeSuite setUpFramework" time="0.0" classname="com.div.proj.testcases.BaseTest">
    <ignored/>
  </testcase> <!-- @BeforeSuite setUpFramework -->
  <testcase name="@BeforeSuite setUpFramework" time="0.0" classname="com.div.proj.testcases.BaseTest">
    <ignored/>
  </testcase> <!-- @BeforeSuite setUpFramework -->
</testsuite> <!-- test -->
