<?xml version="1.0" encoding="UTF-8"?>
<testsuite name="TestSuite" time="1,361.074" tests="8" errors="0" skipped="0" failures="0">
  <properties>
[...]
</properties>
  <testcase name="ContactPageSubmitTest" classname="com.div.proj.testcases.ContactPageSubmitTest" time="120.42"/>
  <testcase name="ContactPageSubmitTest" classname="com.div.proj.testcases.ContactPageSubmitTest" time="26.677"/>
  <testcase name="ContactPageSubmitTest" classname="com.div.proj.testcases.ContactPageSubmitTest" time="30.443"/>
  <testcase name="ContactPageSubmitTest" classname="com.div.proj.testcases.ContactPageSubmitTest" time="33.553"/>
  <testcase name="ContactPageSubmitTest" classname="com.div.proj.testcases.ContactPageSubmitTest" time="1,206.932"/>
  <testcase name="ShopAddToCartTest" classname="com.div.proj.testcases.ShopAddToCartTest" time="13.594"/>
  <testcase name="CartTotalAmountTest" classname="com.div.proj.testcases.CartTotalAmountTest" time="20.068"/>
  <testcase name="validateMandatoryFieldsContactTest" classname="com.div.proj.testcases.ValidateMandatoryFieldsContactTest" time="1,206.992"/>
</testsuite>